  main.cpp
D:\Учеба\2сем\C++\cubic\main.cpp(17,14): warning C4244: инициализация: преобразование "double" в "int", возможна потеря данных
D:\Учеба\2сем\C++\cubic\main.cpp(63,26): warning C4244: аргумент: преобразование "double" в "GLfloat", возможна потеря данных
D:\Учеба\2сем\C++\cubic\main.cpp(63,20): warning C4244: аргумент: преобразование "double" в "GLfloat", возможна потеря данных
D:\Учеба\2сем\C++\cubic\main.cpp(63,14): warning C4244: аргумент: преобразование "double" в "GLfloat", возможна потеря данных
D:\Учеба\2сем\C++\cubic\main.cpp(64,23): warning C4244: аргумент: преобразование "double" в "GLfloat", возможна потеря данных
D:\Учеба\2сем\C++\cubic\main.cpp(64,17): warning C4244: аргумент: преобразование "double" в "GLfloat", возможна потеря данных
D:\Учеба\2сем\C++\cubic\main.cpp(65,20): warning C4244: аргумент: преобразование "double" в "GLfloat", возможна потеря данных
D:\Учеба\2сем\C++\cubic\main.cpp(66,23): warning C4244: аргумент: преобразование "double" в "GLfloat", возможна потеря данных
D:\Учеба\2сем\C++\cubic\main.cpp(66,14): warning C4244: аргумент: преобразование "double" в "GLfloat", возможна потеря данных
D:\Учеба\2сем\C++\cubic\main.cpp(71,14): warning C4244: аргумент: преобразование "double" в "GLfloat", возможна потеря данных
D:\Учеба\2сем\C++\cubic\main.cpp(73,17): warning C4244: аргумент: преобразование "double" в "GLfloat", возможна потеря данных
D:\Учеба\2сем\C++\cubic\main.cpp(74,20): warning C4244: аргумент: преобразование "double" в "GLfloat", возможна потеря данных
D:\Учеба\2сем\C++\cubic\main.cpp(74,14): warning C4244: аргумент: преобразование "double" в "GLfloat", возможна потеря данных
D:\Учеба\2сем\C++\cubic\main.cpp(79,23): warning C4244: аргумент: преобразование "double" в "GLfloat", возможна потеря данных
D:\Учеба\2сем\C++\cubic\main.cpp(79,14): warning C4244: аргумент: преобразование "double" в "GLfloat", возможна потеря данных
D:\Учеба\2сем\C++\cubic\main.cpp(80,20): warning C4244: аргумент: преобразование "double" в "GLfloat", возможна потеря данных
D:\Учеба\2сем\C++\cubic\main.cpp(82,14): warning C4244: аргумент: преобразование "double" в "GLfloat", возможна потеря данных
D:\Учеба\2сем\C++\cubic\main.cpp(87,20): warning C4244: аргумент: преобразование "double" в "GLfloat", возможна потеря данных
D:\Учеба\2сем\C++\cubic\main.cpp(87,14): warning C4244: аргумент: преобразование "double" в "GLfloat", возможна потеря данных
D:\Учеба\2сем\C++\cubic\main.cpp(88,17): warning C4244: аргумент: преобразование "double" в "GLfloat", возможна потеря данных
D:\Учеба\2сем\C++\cubic\main.cpp(89,23): warning C4244: аргумент: преобразование "double" в "GLfloat", возможна потеря данных
D:\Учеба\2сем\C++\cubic\main.cpp(89,17): warning C4244: аргумент: преобразование "double" в "GLfloat", возможна потеря данных
D:\Учеба\2сем\C++\cubic\main.cpp(90,26): warning C4244: аргумент: преобразование "double" в "GLfloat", возможна потеря данных
D:\Учеба\2сем\C++\cubic\main.cpp(90,20): warning C4244: аргумент: преобразование "double" в "GLfloat", возможна потеря данных
D:\Учеба\2сем\C++\cubic\main.cpp(90,14): warning C4244: аргумент: преобразование "double" в "GLfloat", возможна потеря данных
D:\Учеба\2сем\C++\cubic\main.cpp(95,23): warning C4244: аргумент: преобразование "double" в "GLfloat", возможна потеря данных
D:\Учеба\2сем\C++\cubic\main.cpp(95,17): warning C4244: аргумент: преобразование "double" в "GLfloat", возможна потеря данных
D:\Учеба\2сем\C++\cubic\main.cpp(96,17): warning C4244: аргумент: преобразование "double" в "GLfloat", возможна потеря данных
D:\Учеба\2сем\C++\cubic\main.cpp(98,20): warning C4244: аргумент: преобразование "double" в "GLfloat", возможна потеря данных
D:\Учеба\2сем\C++\cubic\main.cpp(103,20): warning C4244: аргумент: преобразование "double" в "GLfloat", возможна потеря данных
D:\Учеба\2сем\C++\cubic\main.cpp(103,14): warning C4244: аргумент: преобразование "double" в "GLfloat", возможна потеря данных
D:\Учеба\2сем\C++\cubic\main.cpp(104,26): warning C4244: аргумент: преобразование "double" в "GLfloat", возможна потеря данных
D:\Учеба\2сем\C++\cubic\main.cpp(104,20): warning C4244: аргумент: преобразование "double" в "GLfloat", возможна потеря данных
D:\Учеба\2сем\C++\cubic\main.cpp(104,14): warning C4244: аргумент: преобразование "double" в "GLfloat", возможна потеря данных
D:\Учеба\2сем\C++\cubic\main.cpp(105,23): warning C4244: аргумент: преобразование "double" в "GLfloat", возможна потеря данных
D:\Учеба\2сем\C++\cubic\main.cpp(105,14): warning C4244: аргумент: преобразование "double" в "GLfloat", возможна потеря данных
D:\Учеба\2сем\C++\cubic\main.cpp(106,14): warning C4244: аргумент: преобразование "double" в "GLfloat", возможна потеря данных
D:\Учеба\2сем\C++\cubic\main.cpp(280,30): warning C4244: аргумент: преобразование "int" в "GLfloat", возможна потеря данных
D:\Учеба\2сем\C++\cubic\main.cpp(298,30): warning C4244: аргумент: преобразование "int" в "GLfloat", возможна потеря данных
D:\Учеба\2сем\C++\cubic\main.cpp(317,30): warning C4244: аргумент: преобразование "int" в "GLfloat", возможна потеря данных
D:\Учеба\2сем\C++\cubic\main.cpp(432,12): warning C4244: аргумент: преобразование "int" в "GLfloat", возможна потеря данных
D:\Учеба\2сем\C++\cubic\main.cpp(433,12): warning C4244: аргумент: преобразование "int" в "GLfloat", возможна потеря данных
  cubic.vcxproj -> D:\Учеба\2сем\C++\cubic\Debug\cubic.exe
